#
# There is insufficient memory for the Java Runtime Environment to continue.
# Native memory allocation (malloc) failed to allocate 89296 bytes. Error detail: Chunk::new
# Possible reasons:
#   The system is out of physical RAM or swap space
#   This process is running with CompressedOops enabled, and the Java Heap may be blocking the growth of the native heap
# Possible solutions:
#   Reduce memory load on the system
#   Increase physical memory or swap space
#   Check if swap backing store is full
#   Decrease Java heap size (-Xmx/-Xms)
#   Decrease number of Java threads
#   Decrease Java thread stack sizes (-Xss)
#   Set larger code cache with -XX:ReservedCodeCacheSize=
#   JVM is running with Zero Based Compressed Oops mode in which the Java heap is
#     placed in the first 32GB address space. The Java Heap base address is the
#     maximum limit for the native heap growth. Please use -XX:HeapBaseMinAddress
#     to set the Java Heap base and to place the Java Heap above 32GB virtual address.
# This output file may be truncated or incomplete.
#
#  Out of Memory Error (arena.cpp:191), pid=23176, tid=20472
#
# JRE version: OpenJDK Runtime Environment (17.0.11) (build 17.0.11+0--11852314)
# Java VM: OpenJDK 64-Bit Server VM (17.0.11+0--11852314, mixed mode, tiered, compressed oops, compressed class ptrs, g1 gc, windows-amd64)
# No core dump will be written. Minidumps are not enabled by default on client versions of Windows
#

---------------  S U M M A R Y ------------

Command Line: -Dorg.gradle.appname=gradlew org.gradle.wrapper.GradleWrapperMain -q -Ptarget-platform=android-x64 -Ptarget=D:\App\AndroidLabs\laba6_test1\lib\main.dart -Pbase-application-name=android.app.Application -Pdart-defines=Zmx1dHRlci5pbnNwZWN0b3Iuc3RydWN0dXJlZEVycm9ycz10cnVl -Pdart-obfuscation=false -Ptrack-widget-creation=true -Ptree-shake-icons=false -Pfilesystem-scheme=org-dartlang-root assembleDebug

Host: AMD Ryzen 7 5800H with Radeon Graphics         , 16 cores, 13G,  Windows 11 , 64 bit Build 22621 (10.0.22621.3958)
Time: Sun Nov 10 20:33:09 2024 Belarus Standard Time elapsed time: 0.697634 seconds (0d 0h 0m 0s)

---------------  T H R E A D  ---------------

Current thread (0x0000021184093260):  JavaThread "C2 CompilerThread0" daemon [_thread_in_native, id=20472, stack(0x0000004409300000,0x0000004409400000)]


Current CompileTask:
C2:    697  676       4       java.lang.StringBuilder::append (8 bytes)

Stack: [0x0000004409300000,0x0000004409400000]
Native frames: (J=compiled Java code, j=interpreted, Vv=VM code, C=native code)
V  [jvm.dll+0x687bb9]
V  [jvm.dll+0x84142a]
V  [jvm.dll+0x8430ae]
V  [jvm.dll+0x843713]
V  [jvm.dll+0x24a35f]
V  [jvm.dll+0xac544]
V  [jvm.dll+0xacb8c]
V  [jvm.dll+0x369be2]
V  [jvm.dll+0x33416a]
V  [jvm.dll+0x33360a]
V  [jvm.dll+0x21bed1]
V  [jvm.dll+0x21b311]
V  [jvm.dll+0x1a63ed]
V  [jvm.dll+0x22b1ee]
V  [jvm.dll+0x229375]
V  [jvm.dll+0x7f5647]
V  [jvm.dll+0x7efa4a]
V  [jvm.dll+0x686a35]
C  [ucrtbase.dll+0x29333]
C  [KERNEL32.DLL+0x1257d]
C  [ntdll.dll+0x5af08]


---------------  P R O C E S S  ---------------

Threads class SMR info:
_java_thread_list=0x0000021184212000, length=14, elements={
0x00000211dd64bbd0, 0x000002118403d550, 0x000002118403e2e0, 0x000002118408ea30,
0x0000021184091410, 0x0000021184091ce0, 0x00000211840925b0, 0x0000021184093260,
0x0000021184093c20, 0x0000021184096540, 0x0000021184200a40, 0x0000021184205380,
0x0000021184214500, 0x0000021184224f10
}

Java Threads: ( => current thread )
  0x00000211dd64bbd0 JavaThread "main" [_thread_in_vm, id=7596, stack(0x0000004408600000,0x0000004408700000)]
  0x000002118403d550 JavaThread "Reference Handler" daemon [_thread_blocked, id=7448, stack(0x0000004408d00000,0x0000004408e00000)]
  0x000002118403e2e0 JavaThread "Finalizer" daemon [_thread_blocked, id=15732, stack(0x0000004408e00000,0x0000004408f00000)]
  0x000002118408ea30 JavaThread "Signal Dispatcher" daemon [_thread_blocked, id=348, stack(0x0000004408f00000,0x0000004409000000)]
  0x0000021184091410 JavaThread "Attach Listener" daemon [_thread_blocked, id=11304, stack(0x0000004409000000,0x0000004409100000)]
  0x0000021184091ce0 JavaThread "Service Thread" daemon [_thread_blocked, id=22340, stack(0x0000004409100000,0x0000004409200000)]
  0x00000211840925b0 JavaThread "Monitor Deflation Thread" daemon [_thread_blocked, id=16648, stack(0x0000004409200000,0x0000004409300000)]
=>0x0000021184093260 JavaThread "C2 CompilerThread0" daemon [_thread_in_native, id=20472, stack(0x0000004409300000,0x0000004409400000)]
  0x0000021184093c20 JavaThread "C1 CompilerThread0" daemon [_thread_blocked, id=11340, stack(0x0000004409400000,0x0000004409500000)]
  0x0000021184096540 JavaThread "Sweeper thread" daemon [_thread_blocked, id=15544, stack(0x0000004409500000,0x0000004409600000)]
  0x0000021184200a40 JavaThread "C1 CompilerThread1" daemon [_thread_blocked, id=20392, stack(0x0000004409600000,0x0000004409700000)]
  0x0000021184205380 JavaThread "C1 CompilerThread2" daemon [_thread_blocked, id=17752, stack(0x0000004409700000,0x0000004409800000)]
  0x0000021184214500 JavaThread "Notification Thread" daemon [_thread_blocked, id=1868, stack(0x0000004409800000,0x0000004409900000)]
  0x0000021184224f10 JavaThread "Common-Cleaner" daemon [_thread_blocked, id=14632, stack(0x0000004409a00000,0x0000004409b00000)]

Other Threads:
  0x00000211fb72ecd0 VMThread "VM Thread" [stack: 0x0000004408c00000,0x0000004408d00000] [id=17432]
  0x00000211842169f0 WatcherThread [stack: 0x0000004409900000,0x0000004409a00000] [id=18972]
  0x00000211dd6af670 GCTaskThread "GC Thread#0" [stack: 0x0000004408700000,0x0000004408800000] [id=7612]
  0x00000211dd6be380 ConcurrentGCThread "G1 Main Marker" [stack: 0x0000004408800000,0x0000004408900000] [id=18100]
  0x00000211dd6bf540 ConcurrentGCThread "G1 Conc#0" [stack: 0x0000004408900000,0x0000004408a00000] [id=4332]
  0x00000211fb5bc200 ConcurrentGCThread "G1 Refine#0" [stack: 0x0000004408a00000,0x0000004408b00000] [id=4476]
  0x00000211fb5bcb40 ConcurrentGCThread "G1 Service" [stack: 0x0000004408b00000,0x0000004408c00000] [id=3488]

Threads with active compile tasks:
C2 CompilerThread0      725  676       4       java.lang.StringBuilder::append (8 bytes)

VM state: not at safepoint (normal execution)

VM Mutex/Monitor currently owned by a thread: None

OutOfMemory and StackOverflow Exception counts:
OutOfMemoryError java_heap_errors=4
LinkageErrors=1

Heap address: 0x0000000722400000, size: 3548 MB, Compressed Oops mode: Zero based, Oop shift amount: 3

CDS archive(s) not mapped
Compressed class space mapped at: 0x0000000800000000-0x0000000840000000, reserved size: 1073741824
Narrow klass base: 0x0000000800000000, Narrow klass shift: 0, Narrow klass range: 0x40000000

GC Precious Log:
 CPUs: 16 total, 16 available
 Memory: 14188M
 Large Page Support: Disabled
 NUMA Support: Disabled
 Compressed Oops: Enabled (Zero based)
 Heap Region Size: 2M
 Heap Min Capacity: 8M
 Heap Initial Capacity: 222M
 Heap Max Capacity: 3548M
 Pre-touch: Disabled
 Parallel Workers: 13
 Concurrent Workers: 3
 Concurrent Refinement Workers: 13
 Periodic GC: Disabled

Heap:
 garbage-first heap   total 227328K, used 16384K [0x0000000722400000, 0x0000000800000000)
  region size 2048K, 9 young (18432K), 0 survivors (0K)
 Metaspace       used 8939K, committed 9152K, reserved 1114112K
  class space    used 806K, committed 896K, reserved 1048576K

Heap Regions: E=young(eden), S=young(survivor), O=old, HS=humongous(starts), HC=humongous(continues), CS=collection set, F=free, OA=open archive, CA=closed archive, TAMS=top-at-mark-start (previous, next)
|   0|0x0000000722400000, 0x0000000722400000, 0x0000000722600000|  0%| F|  |TAMS 0x0000000722400000, 0x0000000722400000| Untracked 
|   1|0x0000000722600000, 0x0000000722600000, 0x0000000722800000|  0%| F|  |TAMS 0x0000000722600000, 0x0000000722600000| Untracked 
|   2|0x0000000722800000, 0x0000000722800000, 0x0000000722a00000|  0%| F|  |TAMS 0x0000000722800000, 0x0000000722800000| Untracked 
|   3|0x0000000722a00000, 0x0000000722a00000, 0x0000000722c00000|  0%| F|  |TAMS 0x0000000722a00000, 0x0000000722a00000| Untracked 
|   4|0x0000000722c00000, 0x0000000722c00000, 0x0000000722e00000|  0%| F|  |TAMS 0x0000000722c00000, 0x0000000722c00000| Untracked 
|   5|0x0000000722e00000, 0x0000000722e00000, 0x0000000723000000|  0%| F|  |TAMS 0x0000000722e00000, 0x0000000722e00000| Untracked 
|   6|0x0000000723000000, 0x0000000723000000, 0x0000000723200000|  0%| F|  |TAMS 0x0000000723000000, 0x0000000723000000| Untracked 
|   7|0x0000000723200000, 0x0000000723200000, 0x0000000723400000|  0%| F|  |TAMS 0x0000000723200000, 0x0000000723200000| Untracked 
|   8|0x0000000723400000, 0x0000000723400000, 0x0000000723600000|  0%| F|  |TAMS 0x0000000723400000, 0x0000000723400000| Untracked 
|   9|0x0000000723600000, 0x0000000723600000, 0x0000000723800000|  0%| F|  |TAMS 0x0000000723600000, 0x0000000723600000| Untracked 
|  10|0x0000000723800000, 0x0000000723800000, 0x0000000723a00000|  0%| F|  |TAMS 0x0000000723800000, 0x0000000723800000| Untracked 
|  11|0x0000000723a00000, 0x0000000723a00000, 0x0000000723c00000|  0%| F|  |TAMS 0x0000000723a00000, 0x0000000723a00000| Untracked 
|  12|0x0000000723c00000, 0x0000000723c00000, 0x0000000723e00000|  0%| F|  |TAMS 0x0000000723c00000, 0x0000000723c00000| Untracked 
|  13|0x0000000723e00000, 0x0000000723e00000, 0x0000000724000000|  0%| F|  |TAMS 0x0000000723e00000, 0x0000000723e00000| Untracked 
|  14|0x0000000724000000, 0x0000000724000000, 0x0000000724200000|  0%| F|  |TAMS 0x0000000724000000, 0x0000000724000000| Untracked 
|  15|0x0000000724200000, 0x0000000724200000, 0x0000000724400000|  0%| F|  |TAMS 0x0000000724200000, 0x0000000724200000| Untracked 
|  16|0x0000000724400000, 0x0000000724400000, 0x0000000724600000|  0%| F|  |TAMS 0x0000000724400000, 0x0000000724400000| Untracked 
|  17|0x0000000724600000, 0x0000000724600000, 0x0000000724800000|  0%| F|  |TAMS 0x0000000724600000, 0x0000000724600000| Untracked 
|  18|0x0000000724800000, 0x0000000724800000, 0x0000000724a00000|  0%| F|  |TAMS 0x0000000724800000, 0x0000000724800000| Untracked 
|  19|0x0000000724a00000, 0x0000000724a00000, 0x0000000724c00000|  0%| F|  |TAMS 0x0000000724a00000, 0x0000000724a00000| Untracked 
|  20|0x0000000724c00000, 0x0000000724c00000, 0x0000000724e00000|  0%| F|  |TAMS 0x0000000724c00000, 0x0000000724c00000| Untracked 
|  21|0x0000000724e00000, 0x0000000724e00000, 0x0000000725000000|  0%| F|  |TAMS 0x0000000724e00000, 0x0000000724e00000| Untracked 
|  22|0x0000000725000000, 0x0000000725000000, 0x0000000725200000|  0%| F|  |TAMS 0x0000000725000000, 0x0000000725000000| Untracked 
|  23|0x0000000725200000, 0x0000000725200000, 0x0000000725400000|  0%| F|  |TAMS 0x0000000725200000, 0x0000000725200000| Untracked 
|  24|0x0000000725400000, 0x0000000725400000, 0x0000000725600000|  0%| F|  |TAMS 0x0000000725400000, 0x0000000725400000| Untracked 
|  25|0x0000000725600000, 0x0000000725600000, 0x0000000725800000|  0%| F|  |TAMS 0x0000000725600000, 0x0000000725600000| Untracked 
|  26|0x0000000725800000, 0x0000000725800000, 0x0000000725a00000|  0%| F|  |TAMS 0x0000000725800000, 0x0000000725800000| Untracked 
|  27|0x0000000725a00000, 0x0000000725a00000, 0x0000000725c00000|  0%| F|  |TAMS 0x0000000725a00000, 0x0000000725a00000| Untracked 
|  28|0x0000000725c00000, 0x0000000725c00000, 0x0000000725e00000|  0%| F|  |TAMS 0x0000000725c00000, 0x0000000725c00000| Untracked 
|  29|0x0000000725e00000, 0x0000000725e00000, 0x0000000726000000|  0%| F|  |TAMS 0x0000000725e00000, 0x0000000725e00000| Untracked 
|  30|0x0000000726000000, 0x0000000726000000, 0x0000000726200000|  0%| F|  |TAMS 0x0000000726000000, 0x0000000726000000| Untracked 
|  31|0x0000000726200000, 0x0000000726200000, 0x0000000726400000|  0%| F|  |TAMS 0x0000000726200000, 0x0000000726200000| Untracked 
|  32|0x0000000726400000, 0x0000000726400000, 0x0000000726600000|  0%| F|  |TAMS 0x0000000726400000, 0x0000000726400000| Untracked 
|  33|0x0000000726600000, 0x0000000726600000, 0x0000000726800000|  0%| F|  |TAMS 0x0000000726600000, 0x0000000726600000| Untracked 
|  34|0x0000000726800000, 0x0000000726800000, 0x0000000726a00000|  0%| F|  |TAMS 0x0000000726800000, 0x0000000726800000| Untracked 
|  35|0x0000000726a00000, 0x0000000726a00000, 0x0000000726c00000|  0%| F|  |TAMS 0x0000000726a00000, 0x0000000726a00000| Untracked 
|  36|0x0000000726c00000, 0x0000000726c00000, 0x0000000726e00000|  0%| F|  |TAMS 0x0000000726c00000, 0x0000000726c00000| Untracked 
|  37|0x0000000726e00000, 0x0000000726e00000, 0x0000000727000000|  0%| F|  |TAMS 0x0000000726e00000, 0x0000000726e00000| Untracked 
|  38|0x0000000727000000, 0x0000000727000000, 0x0000000727200000|  0%| F|  |TAMS 0x0000000727000000, 0x0000000727000000| Untracked 
|  39|0x0000000727200000, 0x0000000727200000, 0x0000000727400000|  0%| F|  |TAMS 0x0000000727200000, 0x0000000727200000| Untracked 
|  40|0x0000000727400000, 0x0000000727400000, 0x0000000727600000|  0%| F|  |TAMS 0x0000000727400000, 0x0000000727400000| Untracked 
|  41|0x0000000727600000, 0x0000000727600000, 0x0000000727800000|  0%| F|  |TAMS 0x0000000727600000, 0x0000000727600000| Untracked 
|  42|0x0000000727800000, 0x0000000727800000, 0x0000000727a00000|  0%| F|  |TAMS 0x0000000727800000, 0x0000000727800000| Untracked 
|  43|0x0000000727a00000, 0x0000000727a00000, 0x0000000727c00000|  0%| F|  |TAMS 0x0000000727a00000, 0x0000000727a00000| Untracked 
|  44|0x0000000727c00000, 0x0000000727c00000, 0x0000000727e00000|  0%| F|  |TAMS 0x0000000727c00000, 0x0000000727c00000| Untracked 
|  45|0x0000000727e00000, 0x0000000727e00000, 0x0000000728000000|  0%| F|  |TAMS 0x0000000727e00000, 0x0000000727e00000| Untracked 
|  46|0x0000000728000000, 0x0000000728000000, 0x0000000728200000|  0%| F|  |TAMS 0x0000000728000000, 0x0000000728000000| Untracked 
|  47|0x0000000728200000, 0x0000000728200000, 0x0000000728400000|  0%| F|  |TAMS 0x0000000728200000, 0x0000000728200000| Untracked 
|  48|0x0000000728400000, 0x0000000728400000, 0x0000000728600000|  0%| F|  |TAMS 0x0000000728400000, 0x0000000728400000| Untracked 
|  49|0x0000000728600000, 0x0000000728600000, 0x0000000728800000|  0%| F|  |TAMS 0x0000000728600000, 0x0000000728600000| Untracked 
|  50|0x0000000728800000, 0x0000000728800000, 0x0000000728a00000|  0%| F|  |TAMS 0x0000000728800000, 0x0000000728800000| Untracked 
|  51|0x0000000728a00000, 0x0000000728a00000, 0x0000000728c00000|  0%| F|  |TAMS 0x0000000728a00000, 0x0000000728a00000| Untracked 
|  52|0x0000000728c00000, 0x0000000728c00000, 0x0000000728e00000|  0%| F|  |TAMS 0x0000000728c00000, 0x0000000728c00000| Untracked 
|  53|0x0000000728e00000, 0x0000000728e00000, 0x0000000729000000|  0%| F|  |TAMS 0x0000000728e00000, 0x0000000728e00000| Untracked 
|  54|0x0000000729000000, 0x0000000729000000, 0x0000000729200000|  0%| F|  |TAMS 0x0000000729000000, 0x0000000729000000| Untracked 
|  55|0x0000000729200000, 0x0000000729200000, 0x0000000729400000|  0%| F|  |TAMS 0x0000000729200000, 0x0000000729200000| Untracked 
|  56|0x0000000729400000, 0x0000000729400000, 0x0000000729600000|  0%| F|  |TAMS 0x0000000729400000, 0x0000000729400000| Untracked 
|  57|0x0000000729600000, 0x0000000729600000, 0x0000000729800000|  0%| F|  |TAMS 0x0000000729600000, 0x0000000729600000| Untracked 
|  58|0x0000000729800000, 0x0000000729800000, 0x0000000729a00000|  0%| F|  |TAMS 0x0000000729800000, 0x0000000729800000| Untracked 
|  59|0x0000000729a00000, 0x0000000729a00000, 0x0000000729c00000|  0%| F|  |TAMS 0x0000000729a00000, 0x0000000729a00000| Untracked 
|  60|0x0000000729c00000, 0x0000000729c00000, 0x0000000729e00000|  0%| F|  |TAMS 0x0000000729c00000, 0x0000000729c00000| Untracked 
|  61|0x0000000729e00000, 0x0000000729e00000, 0x000000072a000000|  0%| F|  |TAMS 0x0000000729e00000, 0x0000000729e00000| Untracked 
|  62|0x000000072a000000, 0x000000072a000000, 0x000000072a200000|  0%| F|  |TAMS 0x000000072a000000, 0x000000072a000000| Untracked 
|  63|0x000000072a200000, 0x000000072a200000, 0x000000072a400000|  0%| F|  |TAMS 0x000000072a200000, 0x000000072a200000| Untracked 
|  64|0x000000072a400000, 0x000000072a400000, 0x000000072a600000|  0%| F|  |TAMS 0x000000072a400000, 0x000000072a400000| Untracked 
|  65|0x000000072a600000, 0x000000072a600000, 0x000000072a800000|  0%| F|  |TAMS 0x000000072a600000, 0x000000072a600000| Untracked 
|  66|0x000000072a800000, 0x000000072a800000, 0x000000072aa00000|  0%| F|  |TAMS 0x000000072a800000, 0x000000072a800000| Untracked 
|  67|0x000000072aa00000, 0x000000072aa00000, 0x000000072ac00000|  0%| F|  |TAMS 0x000000072aa00000, 0x000000072aa00000| Untracked 
|  68|0x000000072ac00000, 0x000000072ac00000, 0x000000072ae00000|  0%| F|  |TAMS 0x000000072ac00000, 0x000000072ac00000| Untracked 
|  69|0x000000072ae00000, 0x000000072ae00000, 0x000000072b000000|  0%| F|  |TAMS 0x000000072ae00000, 0x000000072ae00000| Untracked 
|  70|0x000000072b000000, 0x000000072b000000, 0x000000072b200000|  0%| F|  |TAMS 0x000000072b000000, 0x000000072b000000| Untracked 
|  71|0x000000072b200000, 0x000000072b200000, 0x000000072b400000|  0%| F|  |TAMS 0x000000072b200000, 0x000000072b200000| Untracked 
|  72|0x000000072b400000, 0x000000072b400000, 0x000000072b600000|  0%| F|  |TAMS 0x000000072b400000, 0x000000072b400000| Untracked 
|  73|0x000000072b600000, 0x000000072b600000, 0x000000072b800000|  0%| F|  |TAMS 0x000000072b600000, 0x000000072b600000| Untracked 
|  74|0x000000072b800000, 0x000000072b800000, 0x000000072ba00000|  0%| F|  |TAMS 0x000000072b800000, 0x000000072b800000| Untracked 
|  75|0x000000072ba00000, 0x000000072ba00000, 0x000000072bc00000|  0%| F|  |TAMS 0x000000072ba00000, 0x000000072ba00000| Untracked 
|  76|0x000000072bc00000, 0x000000072bc00000, 0x000000072be00000|  0%| F|  |TAMS 0x000000072bc00000, 0x000000072bc00000| Untracked 
|  77|0x000000072be00000, 0x000000072be00000, 0x000000072c000000|  0%| F|  |TAMS 0x000000072be00000, 0x000000072be00000| Untracked 
|  78|0x000000072c000000, 0x000000072c000000, 0x000000072c200000|  0%| F|  |TAMS 0x000000072c000000, 0x000000072c000000| Untracked 
|  79|0x000000072c200000, 0x000000072c200000, 0x000000072c400000|  0%| F|  |TAMS 0x000000072c200000, 0x000000072c200000| Untracked 
|  80|0x000000072c400000, 0x000000072c400000, 0x000000072c600000|  0%| F|  |TAMS 0x000000072c400000, 0x000000072c400000| Untracked 
|  81|0x000000072c600000, 0x000000072c600000, 0x000000072c800000|  0%| F|  |TAMS 0x000000072c600000, 0x000000072c600000| Untracked 
|  82|0x000000072c800000, 0x000000072c800000, 0x000000072ca00000|  0%| F|  |TAMS 0x000000072c800000, 0x000000072c800000| Untracked 
|  83|0x000000072ca00000, 0x000000072ca00000, 0x000000072cc00000|  0%| F|  |TAMS 0x000000072ca00000, 0x000000072ca00000| Untracked 
|  84|0x000000072cc00000, 0x000000072cc00000, 0x000000072ce00000|  0%| F|  |TAMS 0x000000072cc00000, 0x000000072cc00000| Untracked 
|  85|0x000000072ce00000, 0x000000072ce00000, 0x000000072d000000|  0%| F|  |TAMS 0x000000072ce00000, 0x000000072ce00000| Untracked 
|  86|0x000000072d000000, 0x000000072d000000, 0x000000072d200000|  0%| F|  |TAMS 0x000000072d000000, 0x000000072d000000| Untracked 
|  87|0x000000072d200000, 0x000000072d200000, 0x000000072d400000|  0%| F|  |TAMS 0x000000072d200000, 0x000000072d200000| Untracked 
|  88|0x000000072d400000, 0x000000072d400000, 0x000000072d600000|  0%| F|  |TAMS 0x000000072d400000, 0x000000072d400000| Untracked 
|  89|0x000000072d600000, 0x000000072d600000, 0x000000072d800000|  0%| F|  |TAMS 0x000000072d600000, 0x000000072d600000| Untracked 
|  90|0x000000072d800000, 0x000000072d800000, 0x000000072da00000|  0%| F|  |TAMS 0x000000072d800000, 0x000000072d800000| Untracked 
|  91|0x000000072da00000, 0x000000072da00000, 0x000000072dc00000|  0%| F|  |TAMS 0x000000072da00000, 0x000000072da00000| Untracked 
|  92|0x000000072dc00000, 0x000000072dc00000, 0x000000072de00000|  0%| F|  |TAMS 0x000000072dc00000, 0x000000072dc00000| Untracked 
|  93|0x000000072de00000, 0x000000072de00000, 0x000000072e000000|  0%| F|  |TAMS 0x000000072de00000, 0x000000072de00000| Untracked 
|  94|0x000000072e000000, 0x000000072e000000, 0x000000072e200000|  0%| F|  |TAMS 0x000000072e000000, 0x000000072e000000| Untracked 
|  95|0x000000072e200000, 0x000000072e200000, 0x000000072e400000|  0%| F|  |TAMS 0x000000072e200000, 0x000000072e200000| Untracked 
|  96|0x000000072e400000, 0x000000072e400000, 0x000000072e600000|  0%| F|  |TAMS 0x000000072e400000, 0x000000072e400000| Untracked 
|  97|0x000000072e600000, 0x000000072e600000, 0x000000072e800000|  0%| F|  |TAMS 0x000000072e600000, 0x000000072e600000| Untracked 
|  98|0x000000072e800000, 0x000000072e800000, 0x000000072ea00000|  0%| F|  |TAMS 0x000000072e800000, 0x000000072e800000| Untracked 
|  99|0x000000072ea00000, 0x000000072ea00000, 0x000000072ec00000|  0%| F|  |TAMS 0x000000072ea00000, 0x000000072ea00000| Untracked 
| 100|0x000000072ec00000, 0x000000072ec00000, 0x000000072ee00000|  0%| F|  |TAMS 0x000000072ec00000, 0x000000072ec00000| Untracked 
| 101|0x000000072ee00000, 0x000000072ee00000, 0x000000072f000000|  0%| F|  |TAMS 0x000000072ee00000, 0x000000072ee00000| Untracked 
| 102|0x000000072f000000, 0x000000072f1d7020, 0x000000072f200000| 91%| E|  |TAMS 0x000000072f000000, 0x000000072f000000| Complete 
| 103|0x000000072f200000, 0x000000072f400000, 0x000000072f400000|100%| E|CS|TAMS 0x000000072f200000, 0x000000072f200000| Complete 
| 104|0x000000072f400000, 0x000000072f600000, 0x000000072f600000|100%| E|CS|TAMS 0x000000072f400000, 0x000000072f400000| Complete 
| 105|0x000000072f600000, 0x000000072f800000, 0x000000072f800000|100%| E|CS|TAMS 0x000000072f600000, 0x000000072f600000| Complete 
| 106|0x000000072f800000, 0x000000072fa00000, 0x000000072fa00000|100%| E|CS|TAMS 0x000000072f800000, 0x000000072f800000| Complete 
| 107|0x000000072fa00000, 0x000000072fc00000, 0x000000072fc00000|100%| E|CS|TAMS 0x000000072fa00000, 0x000000072fa00000| Complete 
| 108|0x000000072fc00000, 0x000000072fe00000, 0x000000072fe00000|100%| E|CS|TAMS 0x000000072fc00000, 0x000000072fc00000| Complete 
| 109|0x000000072fe00000, 0x0000000730000000, 0x0000000730000000|100%| E|CS|TAMS 0x000000072fe00000, 0x000000072fe00000| Complete 
| 110|0x0000000730000000, 0x0000000730200000, 0x0000000730200000|100%| E|CS|TAMS 0x0000000730000000, 0x0000000730000000| Complete 

Card table byte_map: [0x00000211f0aa0000,0x00000211f1190000] _byte_map_base: 0x00000211ed18e000

Marking Bits (Prev, Next): (CMBitMap*) 0x00000211dd6afc90, (CMBitMap*) 0x00000211dd6afcd0
 Prev Bits: [0x00000211f1880000, 0x00000211f4ff0000)
 Next Bits: [0x00000211f4ff0000, 0x00000211f8760000)

Polling page: 0x00000211db5b0000

Metaspace:

Usage:
  Non-class:      7.95 MB used.
      Class:    809.66 KB used.
       Both:      8.74 MB used.

Virtual space:
  Non-class space:       64.00 MB reserved,       8.06 MB ( 13%) committed,  1 nodes.
      Class space:        1.00 GB reserved,     896.00 KB ( <1%) committed,  1 nodes.
             Both:        1.06 GB reserved,       8.94 MB ( <1%) committed. 

Chunk freelists:
   Non-Class:  7.97 MB
       Class:  15.14 MB
        Both:  23.11 MB

MaxMetaspaceSize: unlimited
CompressedClassSpaceSize: 1.00 GB
Initial GC threshold: 21.00 MB
Current GC threshold: 21.00 MB
CDS: off
MetaspaceReclaimPolicy: balanced
 - commit_granule_bytes: 65536.
 - commit_granule_words: 8192.
 - virtual_space_node_default_size: 8388608.
 - enlarge_chunks_in_place: 1.
 - new_chunks_are_fully_committed: 0.
 - uncommit_free_chunks: 1.
 - use_allocation_guard: 0.
 - handle_deallocations: 1.


Internal statistics:

num_allocs_failed_limit: 0.
num_arena_births: 14.
num_arena_deaths: 0.
num_vsnodes_births: 2.
num_vsnodes_deaths: 0.
num_space_committed: 143.
num_space_uncommitted: 0.
num_chunks_returned_to_freelist: 0.
num_chunks_taken_from_freelist: 72.
num_chunk_merges: 0.
num_chunk_splits: 35.
num_chunks_enlarged: 29.
num_inconsistent_stats: 0.

CodeHeap 'non-profiled nmethods': size=119168Kb used=208Kb max_used=208Kb free=118959Kb
 bounds [0x00000211e86c0000, 0x00000211e8930000, 0x00000211efb20000]
CodeHeap 'profiled nmethods': size=119104Kb used=1220Kb max_used=1220Kb free=117884Kb
 bounds [0x00000211e0b20000, 0x00000211e0d90000, 0x00000211e7f70000]
CodeHeap 'non-nmethods': size=7488Kb used=2253Kb max_used=2268Kb free=5234Kb
 bounds [0x00000211e7f70000, 0x00000211e81e0000, 0x00000211e86c0000]
 total_blobs=1096 nmethods=685 adapters=322
 compilation: enabled
              stopped_count=0, restarted_count=0
 full_count=0

Compilation events (20 events):
Event: 0.668 Thread 0x0000021184205380 nmethod 666 0x00000211e0c3a510 code [0x00000211e0c3a6a0, 0x00000211e0c3a7c8]
Event: 0.668 Thread 0x0000021184205380  668       3       java.lang.Runtime$Version::feature (17 bytes)
Event: 0.668 Thread 0x0000021184093c20 nmethod 665 0x00000211e0c3a890 code [0x00000211e0c3aa60, 0x00000211e0c3ae08]
Event: 0.668 Thread 0x0000021184093c20  669       1       sun.nio.fs.NativeBuffer::owner (5 bytes)
Event: 0.668 Thread 0x0000021184093c20 nmethod 669 0x00000211e86f3710 code [0x00000211e86f38a0, 0x00000211e86f3978]
Event: 0.668 Thread 0x0000021184200a40 nmethod 667 0x00000211e0c3af90 code [0x00000211e0c3b280, 0x00000211e0c3c5d8]
Event: 0.669 Thread 0x0000021184205380 nmethod 668 0x00000211e0c3cb10 code [0x00000211e0c3ccc0, 0x00000211e0c3cfc8]
Event: 0.681 Thread 0x0000021184205380  670       3       sun.net.util.URLUtil::urlNoFragString (114 bytes)
Event: 0.682 Thread 0x0000021184205380 nmethod 670 0x00000211e0c3d110 code [0x00000211e0c3d440, 0x00000211e0c3e4c8]
Event: 0.684 Thread 0x0000021184205380  671       3       java.util.HashMap::containsKey (14 bytes)
Event: 0.684 Thread 0x0000021184200a40  672       3       java.security.AccessController::checkContext (49 bytes)
Event: 0.684 Thread 0x0000021184205380 nmethod 671 0x00000211e0c3ea90 code [0x00000211e0c3ec40, 0x00000211e0c3ede8]
Event: 0.684 Thread 0x0000021184200a40 nmethod 672 0x00000211e0c3ee90 code [0x00000211e0c3f0a0, 0x00000211e0c3f6f8]
Event: 0.686 Thread 0x0000021184093260  673       4       java.lang.StringLatin1::newString (24 bytes)
Event: 0.686 Thread 0x0000021184205380  674       3       java.util.Arrays::fill (21 bytes)
Event: 0.686 Thread 0x0000021184200a40  675       3       java.util.zip.ZipFile$Source::initCEN (591 bytes)
Event: 0.686 Thread 0x0000021184205380 nmethod 674 0x00000211e0c3f910 code [0x00000211e0c3faa0, 0x00000211e0c3fc58]
Event: 0.689 Thread 0x0000021184200a40 nmethod 675 0x00000211e0c3fd90 code [0x00000211e0c402c0, 0x00000211e0c43518]
Event: 0.690 Thread 0x0000021184093260 nmethod 673 0x00000211e86f3a10 code [0x00000211e86f3ba0, 0x00000211e86f4018]
Event: 0.692 Thread 0x0000021184093260  676       4       java.lang.StringBuilder::append (8 bytes)

GC Heap History (0 events):
No events

Dll operation events (2 events):
Event: 0.010 Loaded shared library D:\App\Android Studio\jbr\bin\java.dll
Event: 0.153 Loaded shared library D:\App\Android Studio\jbr\bin\verify.dll

Deoptimization events (20 events):
Event: 0.593 Thread 0x00000211dd64bbd0 DEOPT PACKING pc=0x00000211e86e6c70 sp=0x00000044086f9890
Event: 0.593 Thread 0x00000211dd64bbd0 DEOPT UNPACKING pc=0x00000211e7fc69a3 sp=0x00000044086f9820 mode 2
Event: 0.618 Thread 0x00000211dd64bbd0 Uncommon trap: trap_request=0xffffffde fr.pc=0x00000211e86e6c70 relative=0x0000000000000f70
Event: 0.618 Thread 0x00000211dd64bbd0 Uncommon trap: reason=class_check action=maybe_recompile pc=0x00000211e86e6c70 method=java.util.HashMap.putVal(ILjava/lang/Object;Ljava/lang/Object;ZZ)Ljava/lang/Object; @ 203 c2
Event: 0.618 Thread 0x00000211dd64bbd0 DEOPT PACKING pc=0x00000211e86e6c70 sp=0x00000044086f98e0
Event: 0.618 Thread 0x00000211dd64bbd0 DEOPT UNPACKING pc=0x00000211e7fc69a3 sp=0x00000044086f9870 mode 2
Event: 0.621 Thread 0x00000211dd64bbd0 Uncommon trap: trap_request=0xffffffde fr.pc=0x00000211e86e6c70 relative=0x0000000000000f70
Event: 0.621 Thread 0x00000211dd64bbd0 Uncommon trap: reason=class_check action=maybe_recompile pc=0x00000211e86e6c70 method=java.util.HashMap.putVal(ILjava/lang/Object;Ljava/lang/Object;ZZ)Ljava/lang/Object; @ 203 c2
Event: 0.621 Thread 0x00000211dd64bbd0 DEOPT PACKING pc=0x00000211e86e6c70 sp=0x00000044086f98e0
Event: 0.621 Thread 0x00000211dd64bbd0 DEOPT UNPACKING pc=0x00000211e7fc69a3 sp=0x00000044086f9870 mode 2
Event: 0.623 Thread 0x00000211dd64bbd0 Uncommon trap: trap_request=0xffffffde fr.pc=0x00000211e86e6bc8 relative=0x0000000000000ec8
Event: 0.623 Thread 0x00000211dd64bbd0 Uncommon trap: reason=class_check action=maybe_recompile pc=0x00000211e86e6bc8 method=java.util.HashMap.putVal(ILjava/lang/Object;Ljava/lang/Object;ZZ)Ljava/lang/Object; @ 91 c2
Event: 0.623 Thread 0x00000211dd64bbd0 DEOPT PACKING pc=0x00000211e86e6bc8 sp=0x00000044086f98e0
Event: 0.623 Thread 0x00000211dd64bbd0 DEOPT UNPACKING pc=0x00000211e7fc69a3 sp=0x00000044086f9870 mode 2
Event: 0.624 Thread 0x00000211dd64bbd0 DEOPT PACKING pc=0x00000211e0b65cf7 sp=0x00000044086f9480
Event: 0.624 Thread 0x00000211dd64bbd0 DEOPT UNPACKING pc=0x00000211e7fc7143 sp=0x00000044086f8930 mode 0
Event: 0.688 Thread 0x00000211dd64bbd0 Uncommon trap: trap_request=0xffffffde fr.pc=0x00000211e86e6bc8 relative=0x0000000000000ec8
Event: 0.689 Thread 0x00000211dd64bbd0 Uncommon trap: reason=class_check action=maybe_recompile pc=0x00000211e86e6bc8 method=java.util.HashMap.putVal(ILjava/lang/Object;Ljava/lang/Object;ZZ)Ljava/lang/Object; @ 91 c2
Event: 0.689 Thread 0x00000211dd64bbd0 DEOPT PACKING pc=0x00000211e86e6bc8 sp=0x00000044086fbe40
Event: 0.689 Thread 0x00000211dd64bbd0 DEOPT UNPACKING pc=0x00000211e7fc69a3 sp=0x00000044086fbdd0 mode 2

Classes unloaded (0 events):
No events

Classes redefined (0 events):
No events

Internal exceptions (1 events):
Event: 0.323 Thread 0x00000211dd64bbd0 Exception <a 'java/lang/NoSuchMethodError'{0x000000072ffc6e30}: 'int java.lang.invoke.DirectMethodHandle$Holder.invokeStaticInit(java.lang.Object, java.lang.Object)'> (0x000000072ffc6e30) 
thrown [s\src\hotspot\share\interpreter\linkResolver.cpp, line 771]

VM Operations (2 events):
Event: 0.147 Executing VM operation: HandshakeAllThreads
Event: 0.147 Executing VM operation: HandshakeAllThreads done

Events (20 events):
Event: 0.654 loading class java/util/concurrent/locks/AbstractQueuedSynchronizer$ConditionObject
Event: 0.654 loading class java/util/concurrent/locks/Condition
Event: 0.654 loading class java/util/concurrent/locks/Condition done
Event: 0.654 loading class java/util/concurrent/locks/AbstractQueuedSynchronizer$ConditionObject done
Event: 0.654 loading class java/util/concurrent/LinkedBlockingQueue$Node
Event: 0.654 loading class java/util/concurrent/LinkedBlockingQueue$Node done
Event: 0.655 loading class java/lang/SecurityException
Event: 0.655 loading class java/lang/SecurityException done
Event: 0.656 loading class java/util/Collections$EmptyEnumeration
Event: 0.656 loading class java/util/Collections$EmptyEnumeration done
Event: 0.656 loading class jdk/internal/loader/BuiltinClassLoader$1
Event: 0.656 loading class jdk/internal/loader/BuiltinClassLoader$1 done
Event: 0.657 loading class java/lang/CompoundEnumeration
Event: 0.657 loading class java/lang/CompoundEnumeration done
Event: 0.657 loading class jdk/internal/loader/URLClassPath$1
Event: 0.657 loading class jdk/internal/loader/URLClassPath$1 done
Event: 0.657 loading class java/net/URLClassLoader$3
Event: 0.657 loading class java/net/URLClassLoader$3 done
Event: 0.657 loading class java/net/URLClassLoader$3$1
Event: 0.657 loading class java/net/URLClassLoader$3$1 done


Dynamic libraries:
0x00007ff7ff0d0000 - 0x00007ff7ff0da000 	D:\App\Android Studio\jbr\bin\java.exe
0x00007ffde46d0000 - 0x00007ffde48e7000 	C:\Windows\SYSTEM32\ntdll.dll
0x00007ffde2c60000 - 0x00007ffde2d24000 	C:\Windows\System32\KERNEL32.DLL
0x00007ffde1a60000 - 0x00007ffde1e17000 	C:\Windows\System32\KERNELBASE.dll
0x00007ffde21c0000 - 0x00007ffde22d1000 	C:\Windows\System32\ucrtbase.dll
0x00007ffd809d0000 - 0x00007ffd809eb000 	D:\App\Android Studio\jbr\bin\VCRUNTIME140.dll
0x00007ffdbaee0000 - 0x00007ffdbaef7000 	D:\App\Android Studio\jbr\bin\jli.dll
0x00007ffde3310000 - 0x00007ffde34bf000 	C:\Windows\System32\USER32.dll
0x00007ffde1e20000 - 0x00007ffde1e46000 	C:\Windows\System32\win32u.dll
0x00007ffdd2210000 - 0x00007ffdd24a3000 	C:\Windows\WinSxS\amd64_microsoft.windows.common-controls_6595b64144ccf1df_6.0.22621.3672_none_2713b9d173822955\COMCTL32.dll
0x00007ffde2910000 - 0x00007ffde2939000 	C:\Windows\System32\GDI32.dll
0x00007ffde3be0000 - 0x00007ffde3c87000 	C:\Windows\System32\msvcrt.dll
0x00007ffde22e0000 - 0x00007ffde23f8000 	C:\Windows\System32\gdi32full.dll
0x00007ffde2030000 - 0x00007ffde20ca000 	C:\Windows\System32\msvcp_win.dll
0x00007ffde35c0000 - 0x00007ffde35f1000 	C:\Windows\System32\IMM32.DLL
0x00007ffdbdde0000 - 0x00007ffdbddec000 	D:\App\Android Studio\jbr\bin\vcruntime140_1.dll
0x00007ffd4c190000 - 0x00007ffd4c21d000 	D:\App\Android Studio\jbr\bin\msvcp140.dll
0x00007ffd37b20000 - 0x00007ffd387a3000 	D:\App\Android Studio\jbr\bin\server\jvm.dll
0x00007ffde31d0000 - 0x00007ffde3282000 	C:\Windows\System32\ADVAPI32.dll
0x00007ffde3c90000 - 0x00007ffde3d38000 	C:\Windows\System32\sechost.dll
0x00007ffde20d0000 - 0x00007ffde20f8000 	C:\Windows\System32\bcrypt.dll
0x00007ffde2760000 - 0x00007ffde2874000 	C:\Windows\System32\RPCRT4.dll
0x00007ffdd1d00000 - 0x00007ffdd1d09000 	C:\Windows\SYSTEM32\WSOCK32.dll
0x00007ffde0890000 - 0x00007ffde08dd000 	C:\Windows\SYSTEM32\POWRPROF.dll
0x00007ffdda620000 - 0x00007ffdda654000 	C:\Windows\SYSTEM32\WINMM.dll
0x00007ffde3520000 - 0x00007ffde3591000 	C:\Windows\System32\WS2_32.dll
0x00007ffdddce0000 - 0x00007ffdddcea000 	C:\Windows\SYSTEM32\VERSION.dll
0x00007ffde0870000 - 0x00007ffde0883000 	C:\Windows\SYSTEM32\UMPDC.dll
0x00007ffde0b20000 - 0x00007ffde0b38000 	C:\Windows\SYSTEM32\kernel.appcore.dll
0x00007ffddeb00000 - 0x00007ffddeb0a000 	D:\App\Android Studio\jbr\bin\jimage.dll
0x00007ffddce40000 - 0x00007ffddd072000 	C:\Windows\SYSTEM32\DBGHELP.DLL
0x00007ffde2de0000 - 0x00007ffde316e000 	C:\Windows\System32\combase.dll
0x00007ffde45b0000 - 0x00007ffde4687000 	C:\Windows\System32\OLEAUT32.dll
0x00007ffdcd030000 - 0x00007ffdcd062000 	C:\Windows\SYSTEM32\dbgcore.DLL
0x00007ffde19e0000 - 0x00007ffde1a5b000 	C:\Windows\System32\bcryptPrimitives.dll
0x00007ffdc2c80000 - 0x00007ffdc2ca5000 	D:\App\Android Studio\jbr\bin\java.dll
0x00007ffdc2c60000 - 0x00007ffdc2c78000 	D:\App\Android Studio\jbr\bin\zip.dll
0x00007ffde3d40000 - 0x00007ffde45a9000 	C:\Windows\System32\SHELL32.dll
0x00007ffddf960000 - 0x00007ffde025f000 	C:\Windows\SYSTEM32\windows.storage.dll
0x00007ffddf820000 - 0x00007ffddf95f000 	C:\Windows\SYSTEM32\wintypes.dll
0x00007ffde3a80000 - 0x00007ffde3b79000 	C:\Windows\System32\SHCORE.dll
0x00007ffde2880000 - 0x00007ffde28de000 	C:\Windows\System32\shlwapi.dll
0x00007ffde1910000 - 0x00007ffde1937000 	C:\Windows\SYSTEM32\profapi.dll
0x00007ffdc0540000 - 0x00007ffdc0559000 	D:\App\Android Studio\jbr\bin\net.dll
0x00007ffdde0e0000 - 0x00007ffdde216000 	C:\Windows\SYSTEM32\WINHTTP.dll
0x00007ffde0f90000 - 0x00007ffde0ff9000 	C:\Windows\system32\mswsock.dll
0x00007ffdbaf00000 - 0x00007ffdbaf16000 	D:\App\Android Studio\jbr\bin\nio.dll
0x00007ffdcd760000 - 0x00007ffdcd770000 	D:\App\Android Studio\jbr\bin\verify.dll

dbghelp: loaded successfully - version: 4.0.5 - missing functions: none
symbol engine: initialized successfully - sym options: 0x614 - pdb path: .;D:\App\Android Studio\jbr\bin;C:\Windows\SYSTEM32;C:\Windows\WinSxS\amd64_microsoft.windows.common-controls_6595b64144ccf1df_6.0.22621.3672_none_2713b9d173822955;D:\App\Android Studio\jbr\bin\server

VM Arguments:
jvm_args: -Dorg.gradle.appname=gradlew 
java_command: org.gradle.wrapper.GradleWrapperMain -q -Ptarget-platform=android-x64 -Ptarget=D:\App\AndroidLabs\laba6_test1\lib\main.dart -Pbase-application-name=android.app.Application -Pdart-defines=Zmx1dHRlci5pbnNwZWN0b3Iuc3RydWN0dXJlZEVycm9ycz10cnVl -Pdart-obfuscation=false -Ptrack-widget-creation=true -Ptree-shake-icons=false -Pfilesystem-scheme=org-dartlang-root assembleDebug
java_class_path (initial): D:\App\AndroidLabs\laba6_test1\android\\gradle\wrapper\gradle-wrapper.jar
Launcher Type: SUN_STANDARD

[Global flags]
     intx CICompilerCount                          = 12                                        {product} {ergonomic}
     uint ConcGCThreads                            = 3                                         {product} {ergonomic}
     uint G1ConcRefinementThreads                  = 13                                        {product} {ergonomic}
   size_t G1HeapRegionSize                         = 2097152                                   {product} {ergonomic}
    uintx GCDrainStackTargetSize                   = 64                                        {product} {ergonomic}
   size_t InitialHeapSize                          = 232783872                                 {product} {ergonomic}
   size_t MarkStackSize                            = 4194304                                   {product} {ergonomic}
   size_t MaxHeapSize                              = 3720347648                                {product} {ergonomic}
   size_t MaxNewSize                               = 2231369728                                {product} {ergonomic}
   size_t MinHeapDeltaBytes                        = 2097152                                   {product} {ergonomic}
   size_t MinHeapSize                              = 8388608                                   {product} {ergonomic}
    uintx NonNMethodCodeHeapSize                   = 7602480                                {pd product} {ergonomic}
    uintx NonProfiledCodeHeapSize                  = 122027880                              {pd product} {ergonomic}
    uintx ProfiledCodeHeapSize                     = 122027880                              {pd product} {ergonomic}
    uintx ReservedCodeCacheSize                    = 251658240                              {pd product} {ergonomic}
     bool SegmentedCodeCache                       = true                                      {product} {ergonomic}
   size_t SoftMaxHeapSize                          = 3720347648                             {manageable} {ergonomic}
     bool UseCompressedClassPointers               = true                           {product lp64_product} {ergonomic}
     bool UseCompressedOops                        = true                           {product lp64_product} {ergonomic}
     bool UseG1GC                                  = true                                      {product} {ergonomic}
     bool UseLargePagesIndividualAllocation        = false                                  {pd product} {ergonomic}

Logging:
Log output configuration:
 #0: stdout all=warning uptime,level,tags
 #1: stderr all=off uptime,level,tags

Environment Variables:
JAVA_HOME=D:\App\Android Studio\jbr
CLASSPATH=D:\App\AndroidLabs\laba6_test1\android\\gradle\wrapper\gradle-wrapper.jar
PATH=D:\App\Android Studio\jbr\bin;C:\Windows\system32;C:\Windows;C:\Windows\System32\Wbem;C:\Windows\System32\WindowsPowerShell\v1.0\;C:\Windows\System32\OpenSSH\;C:\Program Files\dotnet\;D:\Apps\Git Bash\Git\cmd;C:\Program Files\NVIDIA Corporation\NVIDIA NvDLISR;C:\Program Files (x86)\Microsoft SQL Server\160\Tools\Binn\;C:\Program Files\Microsoft SQL Server\160\Tools\Binn\;C:\Program Files\Microsoft SQL Server\Client SDK\ODBC\170\Tools\Binn\;C:\Program Files\Microsoft SQL Server\160\DTS\Binn\;C:\Program Files\Microsoft SQL Server\150\Tools\Binn\;D:\App\ADRSDK\platform-tools;D:\App\FlatterSDK\flutter\bin;D:\Apps\NodeJS\;C:\Users\Administrator\AppData\Local\Microsoft\WindowsApps;C:\Users\Administrator\AppData\Local\GitHubDesktop\bin;D:\Apps\Visual Studio Code\Microsoft VS Code\bin;C:\Users\Administrator\.dotnet\tools;D:\App\FlatterSDK\flutter\bin;C:\Users\Administrator\AppData\Roaming\npm;D:\App\FlatterSDK\flutter\bin\mingit\cmd
USERNAME=Administrator
OS=Windows_NT
PROCESSOR_IDENTIFIER=AMD64 Family 25 Model 80 Stepping 0, AuthenticAMD
TMP=C:\Users\ADMINI~1\AppData\Local\Temp
TEMP=C:\Users\ADMINI~1\AppData\Local\Temp



Periodic native trim disabled

JNI global refs:
JNI global refs: 16, weak refs: 0

JNI global refs memory usage: 843, weak refs: 841

Process memory usage:
Resident Set Size: 62784K (0% of 14528572K total physical memory with 244052K free physical memory)

OOME stack traces (most recent first):
Classloader memory used:
Loader bootstrap                                                                       : 1042K
Loader java.net.URLClassLoader                                                         : 33256B
Loader org.gradle.internal.classloader.VisitableURLClassLoader                         : 26494B
Loader jdk.internal.loader.ClassLoaders$AppClassLoader                                 : 18431B

Classes loaded by more than one classloader:
Class org.gradle.internal.concurrent.CompositeStoppable                               : loaded 2 times (x 77B)
Class org.gradle.internal.service.UnknownServiceException                             : loaded 2 times (x 81B)
Class org.gradle.internal.service.ServiceLookupException                              : loaded 2 times (x 80B)
Class org.gradle.internal.concurrent.Stoppable                                        : loaded 2 times (x 68B)
Class org.gradle.api.Action                                                           : loaded 2 times (x 68B)


---------------  S Y S T E M  ---------------

OS:
 Windows 11 , 64 bit Build 22621 (10.0.22621.3958)
OS uptime: 0 days 9:34 hours

CPU: total 16 (initial active 16) (16 cores per cpu, 2 threads per core) family 25 model 80 stepping 0 microcode 0x0, cx8, cmov, fxsr, ht, mmx, 3dnowpref, sse, sse2, sse3, ssse3, sse4a, sse4.1, sse4.2, popcnt, lzcnt, tsc, tscinvbit, avx, avx2, aes, erms, clmul, bmi1, bmi2, adx, sha, fma, vzeroupper, clflush, clflushopt
Processor Information for all 16 processors :
  Max Mhz: 3201, Current Mhz: 3201, Mhz Limit: 3201

Memory: 4k page, system-wide physical 14188M (237M free)
TotalPageFile size 29542M (AvailPageFile size 1M)
current process WorkingSet (physical memory assigned to process): 61M, peak: 61M
current process commit charge ("private bytes"): 324M, peak: 325M

vm_info: OpenJDK 64-Bit Server VM (17.0.11+0--11852314) for windows-amd64 JRE (17.0.11+0--11852314), built on May 16 2024 21:29:20 by "androidbuild" with MS VC++ 16.10 / 16.11 (VS2019)

END.
