#
# There is insufficient memory for the Java Runtime Environment to continue.
# Native memory allocation (mmap) failed to map 232783872 bytes. Error detail: G1 virtual space
# Possible reasons:
#   The system is out of physical RAM or swap space
#   This process is running with CompressedOops enabled, and the Java Heap may be blocking the growth of the native heap
# Possible solutions:
#   Reduce memory load on the system
#   Increase physical memory or swap space
#   Check if swap backing store is full
#   Decrease Java heap size (-Xmx/-Xms)
#   Decrease number of Java threads
#   Decrease Java thread stack sizes (-Xss)
#   Set larger code cache with -XX:ReservedCodeCacheSize=
#   JVM is running with Zero Based Compressed Oops mode in which the Java heap is
#     placed in the first 32GB address space. The Java Heap base address is the
#     maximum limit for the native heap growth. Please use -XX:HeapBaseMinAddress
#     to set the Java Heap base and to place the Java Heap above 32GB virtual address.
# This output file may be truncated or incomplete.
#
#  Out of Memory Error (os_windows.cpp:3825), pid=18176, tid=22856
#
# JRE version:  (17.0.11) (build )
# Java VM: OpenJDK 64-Bit Server VM (17.0.11+0--11852314, mixed mode, sharing, tiered, compressed oops, compressed class ptrs, g1 gc, windows-amd64)
# No core dump will be written. Minidumps are not enabled by default on client versions of Windows
#

---------------  S U M M A R Y ------------

Command Line: -Dorg.gradle.appname=gradlew org.gradle.wrapper.GradleWrapperMain -q -Ptarget-platform=android-x64 -Ptarget=D:\App\AndroidLabs\laba6_test1\lib\main.dart -Pbase-application-name=android.app.Application -Pdart-defines=Zmx1dHRlci5pbnNwZWN0b3Iuc3RydWN0dXJlZEVycm9ycz10cnVl -Pdart-obfuscation=false -Ptrack-widget-creation=true -Ptree-shake-icons=false -Pfilesystem-scheme=org-dartlang-root assembleDebug

Host: AMD Ryzen 7 5800H with Radeon Graphics         , 16 cores, 13G,  Windows 11 , 64 bit Build 22621 (10.0.22621.3958)
Time: Sun Nov 10 20:34:53 2024 Belarus Standard Time elapsed time: 0.008762 seconds (0d 0h 0m 0s)

---------------  T H R E A D  ---------------

Current thread (0x00000192945bc7f0):  JavaThread "Unknown thread" [_thread_in_vm, id=22856, stack(0x0000007366c00000,0x0000007366d00000)]

Stack: [0x0000007366c00000,0x0000007366d00000]
Native frames: (J=compiled Java code, j=interpreted, Vv=VM code, C=native code)
V  [jvm.dll+0x687bb9]
V  [jvm.dll+0x84142a]
V  [jvm.dll+0x8430ae]
V  [jvm.dll+0x843713]
V  [jvm.dll+0x24a35f]
V  [jvm.dll+0x684989]
V  [jvm.dll+0x67923a]
V  [jvm.dll+0x30af0b]
V  [jvm.dll+0x3123b6]
V  [jvm.dll+0x361dfe]
V  [jvm.dll+0x36202f]
V  [jvm.dll+0x2e0d38]
V  [jvm.dll+0x2e1ca4]
V  [jvm.dll+0x811f21]
V  [jvm.dll+0x36fb68]
V  [jvm.dll+0x7f0896]
V  [jvm.dll+0x3f3d2f]
V  [jvm.dll+0x3f58e1]
C  [jli.dll+0x528f]
C  [ucrtbase.dll+0x29333]
C  [KERNEL32.DLL+0x1257d]
C  [ntdll.dll+0x5af08]


---------------  P R O C E S S  ---------------

Threads class SMR info:
_java_thread_list=0x00007ffd3865efd8, length=0, elements={
}

Java Threads: ( => current thread )

Other Threads:
  0x000001929461f620 GCTaskThread "GC Thread#0" [stack: 0x0000007366d00000,0x0000007366e00000] [id=10056]
  0x000001929464b1d0 ConcurrentGCThread "G1 Main Marker" [stack: 0x0000007366e00000,0x0000007366f00000] [id=7768]
  0x000001929464c390 ConcurrentGCThread "G1 Conc#0" [stack: 0x0000007366f00000,0x0000007367000000] [id=16916]

[error occurred during error reporting (printing all threads), id 0xc0000005, EXCEPTION_ACCESS_VIOLATION (0xc0000005) at pc=0x00007ffd37e11907]

VM state: not at safepoint (not fully initialized)

VM Mutex/Monitor currently owned by a thread:  ([mutex/lock_event])
[0x00000192945b7970] Heap_lock - owner thread: 0x00000192945bc7f0

Heap address: 0x0000000722400000, size: 3548 MB, Compressed Oops mode: Zero based, Oop shift amount: 3

CDS archive(s) mapped at: [0x0000000000000000-0x0000000000000000-0x0000000000000000), size 0, SharedBaseAddress: 0x0000000800000000, ArchiveRelocationMode: 1.
Narrow klass base: 0x0000000000000000, Narrow klass shift: 0, Narrow klass range: 0x0

GC Precious Log:
<Empty>

Heap:
 garbage-first heap   total 0K, used 0K [0x0000000722400000, 0x0000000800000000)
  region size 2048K, 0 young (0K), 0 survivors (0K)
 Metaspace       used 0K, committed 0K, reserved 0K
  class space    used 0K, committed 0K, reserved 0K

Heap Regions: E=young(eden), S=young(survivor), O=old, HS=humongous(starts), HC=humongous(continues), CS=collection set, F=free, OA=open archive, CA=closed archive, TAMS=top-at-mark-start (previous, next)

Card table byte_map: [0x00000192a7a30000,0x00000192a8120000] _byte_map_base: 0x00000192a411e000

Marking Bits (Prev, Next): (CMBitMap*) 0x000001929461fc40, (CMBitMap*) 0x000001929461fc80
 Prev Bits: [0x00000192a8810000, 0x00000192abf80000)
 Next Bits: [0x00000192abf80000, 0x00000192af6f0000)

GC Heap History (0 events):
No events

Dll operation events (1 events):
Event: 0.006 Loaded shared library D:\App\Android Studio\jbr\bin\java.dll

Deoptimization events (0 events):
No events

Classes unloaded (0 events):
No events

Classes redefined (0 events):
No events

Internal exceptions (0 events):
No events

VM Operations (0 events):
No events

Events (0 events):
No events


Dynamic libraries:
0x00007ff7ff0d0000 - 0x00007ff7ff0da000 	D:\App\Android Studio\jbr\bin\java.exe
0x00007ffde46d0000 - 0x00007ffde48e7000 	C:\Windows\SYSTEM32\ntdll.dll
0x00007ffde2c60000 - 0x00007ffde2d24000 	C:\Windows\System32\KERNEL32.DLL
0x00007ffde1a60000 - 0x00007ffde1e17000 	C:\Windows\System32\KERNELBASE.dll
0x00007ffde21c0000 - 0x00007ffde22d1000 	C:\Windows\System32\ucrtbase.dll
0x00007ffdbaee0000 - 0x00007ffdbaef7000 	D:\App\Android Studio\jbr\bin\jli.dll
0x00007ffd809d0000 - 0x00007ffd809eb000 	D:\App\Android Studio\jbr\bin\VCRUNTIME140.dll
0x00007ffde3310000 - 0x00007ffde34bf000 	C:\Windows\System32\USER32.dll
0x00007ffde1e20000 - 0x00007ffde1e46000 	C:\Windows\System32\win32u.dll
0x00007ffdd2210000 - 0x00007ffdd24a3000 	C:\Windows\WinSxS\amd64_microsoft.windows.common-controls_6595b64144ccf1df_6.0.22621.3672_none_2713b9d173822955\COMCTL32.dll
0x00007ffde2910000 - 0x00007ffde2939000 	C:\Windows\System32\GDI32.dll
0x00007ffde3be0000 - 0x00007ffde3c87000 	C:\Windows\System32\msvcrt.dll
0x00007ffde22e0000 - 0x00007ffde23f8000 	C:\Windows\System32\gdi32full.dll
0x00007ffde2030000 - 0x00007ffde20ca000 	C:\Windows\System32\msvcp_win.dll
0x00007ffde35c0000 - 0x00007ffde35f1000 	C:\Windows\System32\IMM32.DLL
0x00007ffdbdde0000 - 0x00007ffdbddec000 	D:\App\Android Studio\jbr\bin\vcruntime140_1.dll
0x00007ffd4c190000 - 0x00007ffd4c21d000 	D:\App\Android Studio\jbr\bin\msvcp140.dll
0x00007ffd37b20000 - 0x00007ffd387a3000 	D:\App\Android Studio\jbr\bin\server\jvm.dll
0x00007ffde31d0000 - 0x00007ffde3282000 	C:\Windows\System32\ADVAPI32.dll
0x00007ffde3c90000 - 0x00007ffde3d38000 	C:\Windows\System32\sechost.dll
0x00007ffde20d0000 - 0x00007ffde20f8000 	C:\Windows\System32\bcrypt.dll
0x00007ffde2760000 - 0x00007ffde2874000 	C:\Windows\System32\RPCRT4.dll
0x00007ffde0890000 - 0x00007ffde08dd000 	C:\Windows\SYSTEM32\POWRPROF.dll
0x00007ffdd1d00000 - 0x00007ffdd1d09000 	C:\Windows\SYSTEM32\WSOCK32.dll
0x00007ffde3520000 - 0x00007ffde3591000 	C:\Windows\System32\WS2_32.dll
0x00007ffdda620000 - 0x00007ffdda654000 	C:\Windows\SYSTEM32\WINMM.dll
0x00007ffdddce0000 - 0x00007ffdddcea000 	C:\Windows\SYSTEM32\VERSION.dll
0x00007ffde0870000 - 0x00007ffde0883000 	C:\Windows\SYSTEM32\UMPDC.dll
0x00007ffde0b20000 - 0x00007ffde0b38000 	C:\Windows\SYSTEM32\kernel.appcore.dll
0x00007ffddeb00000 - 0x00007ffddeb0a000 	D:\App\Android Studio\jbr\bin\jimage.dll
0x00007ffddce40000 - 0x00007ffddd072000 	C:\Windows\SYSTEM32\DBGHELP.DLL
0x00007ffde2de0000 - 0x00007ffde316e000 	C:\Windows\System32\combase.dll
0x00007ffde45b0000 - 0x00007ffde4687000 	C:\Windows\System32\OLEAUT32.dll
0x00007ffdcd030000 - 0x00007ffdcd062000 	C:\Windows\SYSTEM32\dbgcore.DLL
0x00007ffde19e0000 - 0x00007ffde1a5b000 	C:\Windows\System32\bcryptPrimitives.dll
0x00007ffdc2c80000 - 0x00007ffdc2ca5000 	D:\App\Android Studio\jbr\bin\java.dll

dbghelp: loaded successfully - version: 4.0.5 - missing functions: none
symbol engine: initialized successfully - sym options: 0x614 - pdb path: .;D:\App\Android Studio\jbr\bin;C:\Windows\SYSTEM32;C:\Windows\WinSxS\amd64_microsoft.windows.common-controls_6595b64144ccf1df_6.0.22621.3672_none_2713b9d173822955;D:\App\Android Studio\jbr\bin\server

VM Arguments:
jvm_args: -Dorg.gradle.appname=gradlew 
java_command: org.gradle.wrapper.GradleWrapperMain -q -Ptarget-platform=android-x64 -Ptarget=D:\App\AndroidLabs\laba6_test1\lib\main.dart -Pbase-application-name=android.app.Application -Pdart-defines=Zmx1dHRlci5pbnNwZWN0b3Iuc3RydWN0dXJlZEVycm9ycz10cnVl -Pdart-obfuscation=false -Ptrack-widget-creation=true -Ptree-shake-icons=false -Pfilesystem-scheme=org-dartlang-root assembleDebug
java_class_path (initial): D:\App\AndroidLabs\laba6_test1\android\\gradle\wrapper\gradle-wrapper.jar
Launcher Type: SUN_STANDARD

[Global flags]
     intx CICompilerCount                          = 12                                        {product} {ergonomic}
     uint ConcGCThreads                            = 3                                         {product} {ergonomic}
     uint G1ConcRefinementThreads                  = 13                                        {product} {ergonomic}
   size_t G1HeapRegionSize                         = 2097152                                   {product} {ergonomic}
    uintx GCDrainStackTargetSize                   = 64                                        {product} {ergonomic}
   size_t InitialHeapSize                          = 232783872                                 {product} {ergonomic}
   size_t MarkStackSize                            = 4194304                                   {product} {ergonomic}
   size_t MaxHeapSize                              = 3720347648                                {product} {ergonomic}
   size_t MinHeapDeltaBytes                        = 2097152                                   {product} {ergonomic}
   size_t MinHeapSize                              = 8388608                                   {product} {ergonomic}
    uintx NonNMethodCodeHeapSize                   = 7602480                                {pd product} {ergonomic}
    uintx NonProfiledCodeHeapSize                  = 122027880                              {pd product} {ergonomic}
    uintx ProfiledCodeHeapSize                     = 122027880                              {pd product} {ergonomic}
    uintx ReservedCodeCacheSize                    = 251658240                              {pd product} {ergonomic}
     bool SegmentedCodeCache                       = true                                      {product} {ergonomic}
   size_t SoftMaxHeapSize                          = 3720347648                             {manageable} {ergonomic}
     bool UseCompressedClassPointers               = true                           {product lp64_product} {ergonomic}
     bool UseCompressedOops                        = true                           {product lp64_product} {ergonomic}
     bool UseG1GC                                  = true                                      {product} {ergonomic}
     bool UseLargePagesIndividualAllocation        = false                                  {pd product} {ergonomic}

Logging:
Log output configuration:
 #0: stdout all=warning uptime,level,tags
 #1: stderr all=off uptime,level,tags

Environment Variables:
JAVA_HOME=D:\App\Android Studio\jbr
CLASSPATH=D:\App\AndroidLabs\laba6_test1\android\\gradle\wrapper\gradle-wrapper.jar
PATH=D:\App\Android Studio\jbr\bin;C:\Windows\system32;C:\Windows;C:\Windows\System32\Wbem;C:\Windows\System32\WindowsPowerShell\v1.0\;C:\Windows\System32\OpenSSH\;C:\Program Files\dotnet\;D:\Apps\Git Bash\Git\cmd;C:\Program Files\NVIDIA Corporation\NVIDIA NvDLISR;C:\Program Files (x86)\Microsoft SQL Server\160\Tools\Binn\;C:\Program Files\Microsoft SQL Server\160\Tools\Binn\;C:\Program Files\Microsoft SQL Server\Client SDK\ODBC\170\Tools\Binn\;C:\Program Files\Microsoft SQL Server\160\DTS\Binn\;C:\Program Files\Microsoft SQL Server\150\Tools\Binn\;D:\App\ADRSDK\platform-tools;D:\App\FlatterSDK\flutter\bin;D:\Apps\NodeJS\;C:\Users\Administrator\AppData\Local\Microsoft\WindowsApps;C:\Users\Administrator\AppData\Local\GitHubDesktop\bin;D:\Apps\Visual Studio Code\Microsoft VS Code\bin;C:\Users\Administrator\.dotnet\tools;D:\App\FlatterSDK\flutter\bin;C:\Users\Administrator\AppData\Roaming\npm;D:\App\FlatterSDK\flutter\bin\mingit\cmd
USERNAME=Administrator
OS=Windows_NT
PROCESSOR_IDENTIFIER=AMD64 Family 25 Model 80 Stepping 0, AuthenticAMD
TMP=C:\Users\ADMINI~1\AppData\Local\Temp
TEMP=C:\Users\ADMINI~1\AppData\Local\Temp



Periodic native trim disabled

JNI global refs:
JNI global refs: 0, weak refs: 0

JNI global refs memory usage: 0, weak refs: 0

Process memory usage:
Resident Set Size: 12380K (0% of 14528572K total physical memory with 529372K free physical memory)

OOME stack traces (most recent first):
Classloader memory used:


---------------  S Y S T E M  ---------------

OS:
 Windows 11 , 64 bit Build 22621 (10.0.22621.3958)
OS uptime: 0 days 9:36 hours

CPU: total 16 (initial active 16) (16 cores per cpu, 2 threads per core) family 25 model 80 stepping 0 microcode 0x0, cx8, cmov, fxsr, ht, mmx, 3dnowpref, sse, sse2, sse3, ssse3, sse4a, sse4.1, sse4.2, popcnt, lzcnt, tsc, tscinvbit, avx, avx2, aes, erms, clmul, bmi1, bmi2, adx, sha, fma, vzeroupper, clflush, clflushopt
Processor Information for processor 0
  Max Mhz: 3201, Current Mhz: 1990, Mhz Limit: 3201
Processor Information for processor 1
  Max Mhz: 3201, Current Mhz: 3201, Mhz Limit: 3201
Processor Information for processor 2
  Max Mhz: 3201, Current Mhz: 1990, Mhz Limit: 3201
Processor Information for processor 3
  Max Mhz: 3201, Current Mhz: 1990, Mhz Limit: 3201
Processor Information for processor 4
  Max Mhz: 3201, Current Mhz: 1990, Mhz Limit: 3201
Processor Information for processor 5
  Max Mhz: 3201, Current Mhz: 1990, Mhz Limit: 3201
Processor Information for processor 6
  Max Mhz: 3201, Current Mhz: 1990, Mhz Limit: 3201
Processor Information for processor 7
  Max Mhz: 3201, Current Mhz: 1990, Mhz Limit: 3201
Processor Information for processor 8
  Max Mhz: 3201, Current Mhz: 1990, Mhz Limit: 3201
Processor Information for processor 9
  Max Mhz: 3201, Current Mhz: 1990, Mhz Limit: 3201
Processor Information for processor 10
  Max Mhz: 3201, Current Mhz: 3201, Mhz Limit: 3201
Processor Information for processor 11
  Max Mhz: 3201, Current Mhz: 1990, Mhz Limit: 3201
Processor Information for processor 12
  Max Mhz: 3201, Current Mhz: 3201, Mhz Limit: 3201
Processor Information for processor 13
  Max Mhz: 3201, Current Mhz: 1990, Mhz Limit: 3201
Processor Information for processor 14
  Max Mhz: 3201, Current Mhz: 3201, Mhz Limit: 3201
Processor Information for processor 15
  Max Mhz: 3201, Current Mhz: 1990, Mhz Limit: 3201

Memory: 4k page, system-wide physical 14188M (516M free)
TotalPageFile size 29542M (AvailPageFile size 187M)
current process WorkingSet (physical memory assigned to process): 12M, peak: 12M
current process commit charge ("private bytes"): 70M, peak: 292M

vm_info: OpenJDK 64-Bit Server VM (17.0.11+0--11852314) for windows-amd64 JRE (17.0.11+0--11852314), built on May 16 2024 21:29:20 by "androidbuild" with MS VC++ 16.10 / 16.11 (VS2019)

END.
